


ARM Macro Assembler    Page 1 


    1 00000000         ;
    2 00000000         ; µ—È√˚≥∆£∫LED—” ±…¡À∏ µ—È
    3 00000000         ;
    4 00000000         ;”≤º˛ƒ£øÈ£∫º∆À„ª˙‘≠¿Ì”¶”√ µ—Èœ‰
    5 00000000         ;
    6 00000000         ;”≤º˛Ω”œﬂ£∫ARM P12Ω”ø⁄---------LED P2Ω”ø⁄
    7 00000000         ;           PC0~PC7----------LED0~LED7
    8 00000000         ;       ◊¢£∫ø… π”√20P≈≈œﬂ÷±¡¨P12°¢P2Ω”ø⁄°£
    9 00000000         ;      
   10 00000000         ; µ—Èœ÷œÛ£∫LEDµ∆√ø500∫¡√ÎµÁ∆Ω∑≠◊™“ª¥Œ£¨ µœ÷—” ±…¡À∏–ßπ˚°
                       £
   11 00000000         ;
   12 00000000         ;∏¸–¬ ±º‰£∫2018-10-11
   13 00000000         ;*******************************************************
                       *******
   14 00000000                 THUMB
   15 00000000                 REQUIRE8
   16 00000000                 PRESERVE8
   17 00000000         
   18 00000000 00000000 
                       __ARM_use_no_argv
                               EQU              0
   19 00000000         
   20 00000000         ; define several constants
   21 00000000         ; e.g. .equ OFFSET,0x00 is for GNU assembler (GNU ª„±‡).
                        We should use standard assember like: OFFSET EQU 0x00
   22 00000000 40020800 
                       GPIOC_BASE
                               EQU              0x40020800  ; base address, can
                                                             be found in STM32F
                                                            4xx manual, P53
   23 00000000 00000000 
                       GPIOC_MODER_OFFSET
                               EQU              0x00
   24 00000000 00000014 
                       GPIOC_ODR_OFFSET
                               EQU              0x14
   25 00000000         
   26 00000000 40020800 
                       GPIOC_MODER
                               EQU              GPIOC_BASE + GPIOC_MODER_OFFSET
   27 00000000 40020814 
                       GPIOC_ODR
                               EQU              GPIOC_BASE + GPIOC_ODR_OFFSET
   28 00000000         
   29 00000000         ; @RCC:    AHB1ENR
   30 00000000         ; @rcc base:        0x4002 3800
   31 00000000 40023800 
                       RCC_BASE
                               EQU              0x40023800
   32 00000000 00000030 
                       RCC_AHB1ENR_OFFSET
                               EQU              0x30
   33 00000000         
   34 00000000 40023830 
                       RCC_AHB1ENR
                               EQU              RCC_BASE + RCC_AHB1ENR_OFFSET
   35 00000000         
   36 00000000 00000004 



ARM Macro Assembler    Page 2 


                       GPIOC_EN
                               EQU              1<<2
   37 00000000         
   38 00000000 00000001 
                       MODER0_OUT
                               EQU              1<<0
   39 00000000 00000004 
                       MODER1_OUT
                               EQU              1<<2        ; every port occupi
                                                            es 2 places, and se
                                                            t to 01 for univers
                                                            al output mode, whi
                                                            ch can be found in 
                                                            STM32F4xx manual, P
                                                            187
   40 00000000 00000010 
                       MODER2_OUT
                               EQU              1<<4
   41 00000000 00000040 
                       MODER3_OUT
                               EQU              1<<6
   42 00000000 00000100 
                       MODER4_OUT
                               EQU              1<<8
   43 00000000 00000400 
                       MODER5_OUT
                               EQU              1<<10
   44 00000000 00001000 
                       MODER6_OUT
                               EQU              1<<12
   45 00000000 00004000 
                       MODER7_OUT
                               EQU              1<<14
   46 00000000         
   47 00000000 00000001 
                       LED0_ON EQU              1<<0
   48 00000000 00000000 
                       LED0_OFF
                               EQU              0<<0
   49 00000000 00000002 
                       LED1_ON EQU              1<<1
   50 00000000 00000000 
                       LED1_OFF
                               EQU              0<<1
   51 00000000 00000004 
                       LED2_ON EQU              1<<2
   52 00000000 00000000 
                       LED2_OFF
                               EQU              0<<2
   53 00000000 00000008 
                       LED3_ON EQU              1<<3
   54 00000000 00000000 
                       LED3_OFF
                               EQU              0<<3
   55 00000000 00000010 
                       LED4_ON EQU              1<<4
   56 00000000 00000000 
                       LED4_OFF
                               EQU              0<<4



ARM Macro Assembler    Page 3 


   57 00000000 00000020 
                       LED5_ON EQU              1<<5
   58 00000000 00000000 
                       LED5_OFF
                               EQU              0<<5
   59 00000000 00000040 
                       LED6_ON EQU              1<<6
   60 00000000 00000000 
                       LED6_OFF
                               EQU              0<<6
   61 00000000 00000080 
                       LED7_ON EQU              1<<7
   62 00000000 00000000 
                       LED7_OFF
                               EQU              0<<7
   63 00000000         
   64 00000000                 EXPORT           __ARM_use_no_argv
   65 00000000                 EXPORT           main
   66 00000000         
   67 00000000                 IMPORT           Delay_Init
   68 00000000                 IMPORT           Delay_Ms
   69 00000000         
   70 00000000                 AREA             ||i.main||, CODE, READONLY, ALI
GN=2
   71 00000000         
   72 00000000         |GPIOC|                              ; use the port of C
                                                            
   73 00000000 40021400        DCD              0x40021400
   74 00000004         ;int main(void)  
   75 00000004         main    PROC                         ; compile instructi
                                                            on (±‡“Î÷∏ æ÷∏¡Ó), 
                                                            which indicates it'
                                                            s a sub-function (◊
                                                            ”∫Ø ˝)
   76 00000004         ; RCC->AHB1ENR |= GPIOC_EN
   77 00000004         ; Load address of RCC_AHB1ENR(Enable Register) to r0
   78 00000004 4819            LDR              R0,=RCC_AHB1ENR
   79 00000006         ; Load value at the address found in r0 into r1
   80 00000006 6801            LDR              R1,[R0]
   81 00000008         
   82 00000008 F041 0104       ORR              R1,#GPIOC_EN ; set to 1
   83 0000000C         ; Store the content in R1 to the address found in r0
   84 0000000C 6001            STR              R1,[R0]
   85 0000000E         
   86 0000000E         ; GPIOC->MODER |= MODER13_OUT
   87 0000000E         ; the default value of MODE register is 00, which is inp
                       ut mode
   88 0000000E 4818            LDR              R0,=GPIOC_MODER
   89 00000010 6801            LDR              R1,[R0]
   90 00000012 F041 0101       ORR              R1,#MODER0_OUT
   91 00000016 F041 0140       ORR              R1,#MODER3_OUT
   92 0000001A 6001            STR              R1,[R0]
   93 0000001C         
   94 0000001C F7FF FFFE       BL               Delay_Init  ;delay initialize
   95 00000020         
   96 00000020         ; GPIOC->ODR |= LED_ON
   97 00000020 4814            LDR              R0,=GPIOC_ODR
   98 00000022 F04F 0108       LDR              R1,=LED3_ON
   99 00000026 F04F 0201       LDR              R2,=LED0_ON



ARM Macro Assembler    Page 4 


  100 0000002A EA41 0102       ORR              R1, R1, R2
  101 0000002E 6001            STR              R1,[R0]
  102 00000030         
  103 00000030 F44F 70FA       MOV              r0,#0x1f4
  104 00000034 F7FF FFFE       BL               Delay_Ms
  105 00000038         
  106 00000038         |loop|
  107 00000038 480E            LDR              R0,=GPIOC_ODR
  108 0000003A F04F 0100       LDR              R1,=LED3_OFF
  109 0000003E F04F 0200       LDR              R2,=LED0_OFF
  110 00000042 EA41 0102       ORR              R1, R1, R2
  111 00000046 6001            STR              R1,[R0]
  112 00000048         
  113 00000048 F44F 70FA       MOV              r0,#0x1f4
  114 0000004C F7FF FFFE       BL               Delay_Ms    ; delay 500ms
  115 00000050         
  116 00000050 4808            LDR              R0,=GPIOC_ODR
  117 00000052 F04F 0108       LDR              R1,=LED3_ON
  118 00000056 F04F 0201       LDR              R2,=LED0_ON
  119 0000005A EA41 0102       ORR              R1, R1, R2
  120 0000005E 6001            STR              R1,[R0]
  121 00000060         
  122 00000060 F44F 70FA       MOV              r0,#0x1f4
  123 00000064 F7FF FFFE       BL               Delay_Ms    ; delay 500ms
  124 00000068         
  125 00000068 E7E6            B                |loop|
  126 0000006A                 ENDP                         ; the end of the su
                                                            b-function
  127 0000006A         
  128 0000006A                 END
              00 00 40023830 
              40020800 
              40020814 
Command Line: --debug --xref --cpu=Cortex-M4.fp --apcs=interwork --depend=.\obj
ects\main.d -o.\objects\main.o -ID:\Keil_v5\ARM\RV31\INC -ID:\Keil_v5\ARM\PACK\
ARM\CMSIS\3.20.4\CMSIS\Include -ID:\Keil_v5\ARM\PACK\Keil\STM32F4xx_DFP\1.0.8\D
evice\Include --predefine="__EVAL SETA 1" --list=.\listings\main.lst main.s



ARM Macro Assembler    Page 1 Alphabetic symbol ordering
Relocatable symbols

GPIOC 00000000

Symbol: GPIOC
   Definitions
      At line 72 in file main.s
   Uses
      None
Comment: GPIOC unused
loop 00000038

Symbol: loop
   Definitions
      At line 106 in file main.s
   Uses
      At line 125 in file main.s
Comment: loop used once
main 00000004

Symbol: main
   Definitions
      At line 75 in file main.s
   Uses
      At line 65 in file main.s
Comment: main used once
|i.main| 00000000

Symbol: |i.main|
   Definitions
      At line 70 in file main.s
   Uses
      None
Comment: |i.main| unused
4 symbols



ARM Macro Assembler    Page 1 Alphabetic symbol ordering
Absolute symbols

GPIOC_BASE 40020800

Symbol: GPIOC_BASE
   Definitions
      At line 22 in file main.s
   Uses
      At line 26 in file main.s
      At line 27 in file main.s

GPIOC_EN 00000004

Symbol: GPIOC_EN
   Definitions
      At line 36 in file main.s
   Uses
      At line 82 in file main.s
Comment: GPIOC_EN used once
GPIOC_MODER 40020800

Symbol: GPIOC_MODER
   Definitions
      At line 26 in file main.s
   Uses
      At line 88 in file main.s
Comment: GPIOC_MODER used once
GPIOC_MODER_OFFSET 00000000

Symbol: GPIOC_MODER_OFFSET
   Definitions
      At line 23 in file main.s
   Uses
      At line 26 in file main.s
Comment: GPIOC_MODER_OFFSET used once
GPIOC_ODR 40020814

Symbol: GPIOC_ODR
   Definitions
      At line 27 in file main.s
   Uses
      At line 97 in file main.s
      At line 107 in file main.s
      At line 116 in file main.s

GPIOC_ODR_OFFSET 00000014

Symbol: GPIOC_ODR_OFFSET
   Definitions
      At line 24 in file main.s
   Uses
      At line 27 in file main.s
Comment: GPIOC_ODR_OFFSET used once
LED0_OFF 00000000

Symbol: LED0_OFF
   Definitions
      At line 48 in file main.s
   Uses
      At line 109 in file main.s
Comment: LED0_OFF used once



ARM Macro Assembler    Page 2 Alphabetic symbol ordering
Absolute symbols

LED0_ON 00000001

Symbol: LED0_ON
   Definitions
      At line 47 in file main.s
   Uses
      At line 99 in file main.s
      At line 118 in file main.s

LED1_OFF 00000000

Symbol: LED1_OFF
   Definitions
      At line 50 in file main.s
   Uses
      None
Comment: LED1_OFF unused
LED1_ON 00000002

Symbol: LED1_ON
   Definitions
      At line 49 in file main.s
   Uses
      None
Comment: LED1_ON unused
LED2_OFF 00000000

Symbol: LED2_OFF
   Definitions
      At line 52 in file main.s
   Uses
      None
Comment: LED2_OFF unused
LED2_ON 00000004

Symbol: LED2_ON
   Definitions
      At line 51 in file main.s
   Uses
      None
Comment: LED2_ON unused
LED3_OFF 00000000

Symbol: LED3_OFF
   Definitions
      At line 54 in file main.s
   Uses
      At line 108 in file main.s
Comment: LED3_OFF used once
LED3_ON 00000008

Symbol: LED3_ON
   Definitions
      At line 53 in file main.s
   Uses
      At line 98 in file main.s
      At line 117 in file main.s

LED4_OFF 00000000



ARM Macro Assembler    Page 3 Alphabetic symbol ordering
Absolute symbols


Symbol: LED4_OFF
   Definitions
      At line 56 in file main.s
   Uses
      None
Comment: LED4_OFF unused
LED4_ON 00000010

Symbol: LED4_ON
   Definitions
      At line 55 in file main.s
   Uses
      None
Comment: LED4_ON unused
LED5_OFF 00000000

Symbol: LED5_OFF
   Definitions
      At line 58 in file main.s
   Uses
      None
Comment: LED5_OFF unused
LED5_ON 00000020

Symbol: LED5_ON
   Definitions
      At line 57 in file main.s
   Uses
      None
Comment: LED5_ON unused
LED6_OFF 00000000

Symbol: LED6_OFF
   Definitions
      At line 60 in file main.s
   Uses
      None
Comment: LED6_OFF unused
LED6_ON 00000040

Symbol: LED6_ON
   Definitions
      At line 59 in file main.s
   Uses
      None
Comment: LED6_ON unused
LED7_OFF 00000000

Symbol: LED7_OFF
   Definitions
      At line 62 in file main.s
   Uses
      None
Comment: LED7_OFF unused
LED7_ON 00000080

Symbol: LED7_ON
   Definitions



ARM Macro Assembler    Page 4 Alphabetic symbol ordering
Absolute symbols

      At line 61 in file main.s
   Uses
      None
Comment: LED7_ON unused
MODER0_OUT 00000001

Symbol: MODER0_OUT
   Definitions
      At line 38 in file main.s
   Uses
      At line 90 in file main.s
Comment: MODER0_OUT used once
MODER1_OUT 00000004

Symbol: MODER1_OUT
   Definitions
      At line 39 in file main.s
   Uses
      None
Comment: MODER1_OUT unused
MODER2_OUT 00000010

Symbol: MODER2_OUT
   Definitions
      At line 40 in file main.s
   Uses
      None
Comment: MODER2_OUT unused
MODER3_OUT 00000040

Symbol: MODER3_OUT
   Definitions
      At line 41 in file main.s
   Uses
      At line 91 in file main.s
Comment: MODER3_OUT used once
MODER4_OUT 00000100

Symbol: MODER4_OUT
   Definitions
      At line 42 in file main.s
   Uses
      None
Comment: MODER4_OUT unused
MODER5_OUT 00000400

Symbol: MODER5_OUT
   Definitions
      At line 43 in file main.s
   Uses
      None
Comment: MODER5_OUT unused
MODER6_OUT 00001000

Symbol: MODER6_OUT
   Definitions
      At line 44 in file main.s
   Uses
      None



ARM Macro Assembler    Page 5 Alphabetic symbol ordering
Absolute symbols

Comment: MODER6_OUT unused
MODER7_OUT 00004000

Symbol: MODER7_OUT
   Definitions
      At line 45 in file main.s
   Uses
      None
Comment: MODER7_OUT unused
RCC_AHB1ENR 40023830

Symbol: RCC_AHB1ENR
   Definitions
      At line 34 in file main.s
   Uses
      At line 78 in file main.s
Comment: RCC_AHB1ENR used once
RCC_AHB1ENR_OFFSET 00000030

Symbol: RCC_AHB1ENR_OFFSET
   Definitions
      At line 32 in file main.s
   Uses
      At line 34 in file main.s
Comment: RCC_AHB1ENR_OFFSET used once
RCC_BASE 40023800

Symbol: RCC_BASE
   Definitions
      At line 31 in file main.s
   Uses
      At line 34 in file main.s
Comment: RCC_BASE used once
__ARM_use_no_argv 00000000

Symbol: __ARM_use_no_argv
   Definitions
      At line 18 in file main.s
   Uses
      At line 64 in file main.s
Comment: __ARM_use_no_argv used once
34 symbols



ARM Macro Assembler    Page 1 Alphabetic symbol ordering
External symbols

Delay_Init 00000000

Symbol: Delay_Init
   Definitions
      At line 67 in file main.s
   Uses
      At line 94 in file main.s
Comment: Delay_Init used once
Delay_Ms 00000000

Symbol: Delay_Ms
   Definitions
      At line 68 in file main.s
   Uses
      At line 104 in file main.s
      At line 114 in file main.s
      At line 123 in file main.s

2 symbols
374 symbols in table
